CRITICAL - 2023-07-04 05:13:19 --> Call to undefined function phpAlert()
in APPPATH\Views\UI\login.php on line 20.
 1 SYSTEMPATH\View\View.php(224): include()
 2 SYSTEMPATH\View\View.php(227): CodeIgniter\View\View->CodeIgniter\View\{closure}()
 3 SYSTEMPATH\Common.php(1180): CodeIgniter\View\View->render('UI/login', [], true)
 4 APPPATH\Controllers\Home.php(9): view('UI/login')
 5 SYSTEMPATH\CodeIgniter.php(932): App\Controllers\Home->index()
 6 SYSTEMPATH\CodeIgniter.php(497): CodeIgniter\CodeIgniter->runController(Object(App\Controllers\Home))
 7 SYSTEMPATH\CodeIgniter.php(366): CodeIgniter\CodeIgniter->handleRequest(null, Object(Config\Cache), false)
 8 FCPATH\index.php(67): CodeIgniter\CodeIgniter->run()
 9 SYSTEMPATH\Commands\Server\rewrite.php(47): require_once('C:\\PERSONAL\\WORK\\MultiSoft\\DMS_HIGH_COURT\\public\\index.php')
CRITICAL - 2023-07-04 05:13:36 --> Call to undefined function phpAlert()
in APPPATH\Views\UI\login.php on line 20.
 1 SYSTEMPATH\View\View.php(224): include()
 2 SYSTEMPATH\View\View.php(227): CodeIgniter\View\View->CodeIgniter\View\{closure}()
 3 SYSTEMPATH\Common.php(1180): CodeIgniter\View\View->render('UI/login', [], true)
 4 APPPATH\Controllers\Home.php(9): view('UI/login')
 5 SYSTEMPATH\CodeIgniter.php(932): App\Controllers\Home->index()
 6 SYSTEMPATH\CodeIgniter.php(497): CodeIgniter\CodeIgniter->runController(Object(App\Controllers\Home))
 7 SYSTEMPATH\CodeIgniter.php(366): CodeIgniter\CodeIgniter->handleRequest(null, Object(Config\Cache), false)
 8 FCPATH\index.php(67): CodeIgniter\CodeIgniter->run()
 9 SYSTEMPATH\Commands\Server\rewrite.php(47): require_once('C:\\PERSONAL\\WORK\\MultiSoft\\DMS_HIGH_COURT\\public\\index.php')
CRITICAL - 2023-07-04 05:17:26 --> require(./function.php): Failed to open stream: No such file or directory
in APPPATH\Views\UI\Layout\login-header.php on line 2.
 1 APPPATH\Views\UI\Layout\login-header.php(2): CodeIgniter\Debug\Exceptions->errorHandler(2, 'require(./function.php): Failed to open stream: No such file or directory', 'C:\\PERSONAL\\WORK\\MultiSoft\\DMS_HIGH_COURT\\app\\Views\\UI\\Layout\\login-header.php', 2)
 2 APPPATH\Views\UI\Layout\login-header.php(2): require()
 3 APPPATH\Views\UI\login.php(2): include_once('C:\\PERSONAL\\WORK\\MultiSoft\\DMS_HIGH_COURT\\app\\Views\\UI\\Layout\\login-header.php')
 4 SYSTEMPATH\View\View.php(224): include('C:\\PERSONAL\\WORK\\MultiSoft\\DMS_HIGH_COURT\\app\\Views\\UI\\login.php')
 5 SYSTEMPATH\View\View.php(227): CodeIgniter\View\View->CodeIgniter\View\{closure}()
 6 SYSTEMPATH\Common.php(1180): CodeIgniter\View\View->render('UI/login', [], true)
 7 APPPATH\Controllers\Home.php(9): view('UI/login')
 8 SYSTEMPATH\CodeIgniter.php(932): App\Controllers\Home->index()
 9 SYSTEMPATH\CodeIgniter.php(497): CodeIgniter\CodeIgniter->runController(Object(App\Controllers\Home))
10 SYSTEMPATH\CodeIgniter.php(366): CodeIgniter\CodeIgniter->handleRequest(null, Object(Config\Cache), false)
11 FCPATH\index.php(67): CodeIgniter\CodeIgniter->run()
12 SYSTEMPATH\Commands\Server\rewrite.php(47): require_once('C:\\PERSONAL\\WORK\\MultiSoft\\DMS_HIGH_COURT\\public\\index.php')
CRITICAL - 2023-07-04 05:47:04 --> Call to undefined method CodeIgniter\Database\MySQLi\Builder::getResult()
in APPPATH\Models\Auth_model\Auth_model.php on line 9.
 1 APPPATH\Controllers\Home.php(20): App\Models\Auth_model\Auth_model->getUserByusername('admin@gmail.com')
 2 SYSTEMPATH\CodeIgniter.php(932): App\Controllers\Home->User_login()
 3 SYSTEMPATH\CodeIgniter.php(497): CodeIgniter\CodeIgniter->runController(Object(App\Controllers\Home))
 4 SYSTEMPATH\CodeIgniter.php(366): CodeIgniter\CodeIgniter->handleRequest(null, Object(Config\Cache), false)
 5 FCPATH\index.php(67): CodeIgniter\CodeIgniter->run()
 6 SYSTEMPATH\Commands\Server\rewrite.php(47): require_once('C:\\PERSONAL\\WORK\\MultiSoft\\DMS_HIGH_COURT\\public\\index.php')
CRITICAL - 2023-07-04 05:55:40 --> Unclosed '{' on line 21
in APPPATH\Views\UI\login.php on line 146.
 1 SYSTEMPATH\View\View.php(227): CodeIgniter\View\View->CodeIgniter\View\{closure}()
 2 SYSTEMPATH\Common.php(1180): CodeIgniter\View\View->render('UI/login', [], true)
 3 APPPATH\Controllers\Home.php(14): view('UI/login')
 4 SYSTEMPATH\CodeIgniter.php(932): App\Controllers\Home->Login()
 5 SYSTEMPATH\CodeIgniter.php(497): CodeIgniter\CodeIgniter->runController(Object(App\Controllers\Home))
 6 SYSTEMPATH\CodeIgniter.php(366): CodeIgniter\CodeIgniter->handleRequest(null, Object(Config\Cache), false)
 7 FCPATH\index.php(67): CodeIgniter\CodeIgniter->run()
 8 SYSTEMPATH\Commands\Server\rewrite.php(47): require_once('C:\\PERSONAL\\WORK\\MultiSoft\\DMS_HIGH_COURT\\public\\index.php')
CRITICAL - 2023-07-04 06:05:19 --> Call to undefined function App\Controllers\Login()
in APPPATH\Controllers\Home.php on line 26.
 1 SYSTEMPATH\CodeIgniter.php(932): App\Controllers\Home->User_login()
 2 SYSTEMPATH\CodeIgniter.php(497): CodeIgniter\CodeIgniter->runController(Object(App\Controllers\Home))
 3 SYSTEMPATH\CodeIgniter.php(366): CodeIgniter\CodeIgniter->handleRequest(null, Object(Config\Cache), false)
 4 FCPATH\index.php(67): CodeIgniter\CodeIgniter->run()
 5 SYSTEMPATH\Commands\Server\rewrite.php(47): require_once('C:\\PERSONAL\\WORK\\MultiSoft\\DMS_HIGH_COURT\\public\\index.php')
CRITICAL - 2023-07-04 06:17:47 --> Undefined array key "user_id"
in APPPATH\Views\UI\Layout\header.php on line 7.
 1 APPPATH\Views\UI\Layout\header.php(7): CodeIgniter\Debug\Exceptions->errorHandler(2, 'Undefined array key "user_id"', 'C:\\PERSONAL\\WORK\\MultiSoft\\DMS_HIGH_COURT\\app\\Views\\UI\\Layout\\header.php', 7)
 2 APPPATH\Views\UI\index.php(2): include_once('C:\\PERSONAL\\WORK\\MultiSoft\\DMS_HIGH_COURT\\app\\Views\\UI\\Layout\\header.php')
 3 SYSTEMPATH\View\View.php(224): include('C:\\PERSONAL\\WORK\\MultiSoft\\DMS_HIGH_COURT\\app\\Views\\UI\\index.php')
 4 SYSTEMPATH\View\View.php(227): CodeIgniter\View\View->CodeIgniter\View\{closure}()
 5 SYSTEMPATH\Common.php(1180): CodeIgniter\View\View->render('UI/index', [], true)
 6 APPPATH\Controllers\Home.php(25): view('UI/index')
 7 SYSTEMPATH\CodeIgniter.php(932): App\Controllers\Home->Index()
 8 SYSTEMPATH\CodeIgniter.php(497): CodeIgniter\CodeIgniter->runController(Object(App\Controllers\Home))
 9 SYSTEMPATH\CodeIgniter.php(366): CodeIgniter\CodeIgniter->handleRequest(null, Object(Config\Cache), false)
10 FCPATH\index.php(67): CodeIgniter\CodeIgniter->run()
11 SYSTEMPATH\Commands\Server\rewrite.php(47): require_once('C:\\PERSONAL\\WORK\\MultiSoft\\DMS_HIGH_COURT\\public\\index.php')
CRITICAL - 2023-07-04 06:22:27 --> Undefined variable $PUBLIC_URL
in APPPATH\Views\UI\Layout\header.php on line 5.
 1 APPPATH\Views\UI\Layout\header.php(5): CodeIgniter\Debug\Exceptions->errorHandler(2, 'Undefined variable $PUBLIC_URL', 'C:\\PERSONAL\\WORK\\MultiSoft\\DMS_HIGH_COURT\\app\\Views\\UI\\Layout\\header.php', 5)
 2 APPPATH\Views\UI\index.php(2): include_once('C:\\PERSONAL\\WORK\\MultiSoft\\DMS_HIGH_COURT\\app\\Views\\UI\\Layout\\header.php')
 3 SYSTEMPATH\View\View.php(224): include('C:\\PERSONAL\\WORK\\MultiSoft\\DMS_HIGH_COURT\\app\\Views\\UI\\index.php')
 4 SYSTEMPATH\View\View.php(227): CodeIgniter\View\View->CodeIgniter\View\{closure}()
 5 SYSTEMPATH\Common.php(1180): CodeIgniter\View\View->render('UI/index', [], true)
 6 APPPATH\Controllers\Home.php(25): view('UI/index')
 7 SYSTEMPATH\CodeIgniter.php(932): App\Controllers\Home->Index()
 8 SYSTEMPATH\CodeIgniter.php(497): CodeIgniter\CodeIgniter->runController(Object(App\Controllers\Home))
 9 SYSTEMPATH\CodeIgniter.php(366): CodeIgniter\CodeIgniter->handleRequest(null, Object(Config\Cache), false)
10 FCPATH\index.php(67): CodeIgniter\CodeIgniter->run()
11 SYSTEMPATH\Commands\Server\rewrite.php(47): require_once('C:\\PERSONAL\\WORK\\MultiSoft\\DMS_HIGH_COURT\\public\\index.php')
