CRITICAL - 2023-07-05 05:48:04 --> Undefined array key "User"
in APPPATH\Views\UI\Layout\navbar-top.php on line 141.
 1 APPPATH\Views\UI\Layout\navbar-top.php(141): CodeIgniter\Debug\Exceptions->errorHandler(2, 'Undefined array key "User"', 'C:\\PERSONAL\\WORK\\MultiSoft\\DMS_HIGH_COURT\\app\\Views\\UI\\Layout\\navbar-top.php', 141)
 2 APPPATH\Views\UI\Layout\header.php(80): include('C:\\PERSONAL\\WORK\\MultiSoft\\DMS_HIGH_COURT\\app\\Views\\UI\\Layout\\navbar-top.php')
 3 APPPATH\Views\UI\bundle_master.php(2): include_once('C:\\PERSONAL\\WORK\\MultiSoft\\DMS_HIGH_COURT\\app\\Views\\UI\\Layout\\header.php')
 4 SYSTEMPATH\View\View.php(224): include('C:\\PERSONAL\\WORK\\MultiSoft\\DMS_HIGH_COURT\\app\\Views\\UI\\bundle_master.php')
 5 SYSTEMPATH\View\View.php(227): CodeIgniter\View\View->CodeIgniter\View\{closure}()
 6 SYSTEMPATH\Common.php(1180): CodeIgniter\View\View->render('UI/bundle_master', [], true)
 7 APPPATH\Controllers\Home.php(157): view('UI/bundle_master', [])
 8 SYSTEMPATH\CodeIgniter.php(932): App\Controllers\Home->BundleMaster()
 9 SYSTEMPATH\CodeIgniter.php(497): CodeIgniter\CodeIgniter->runController(Object(App\Controllers\Home))
10 SYSTEMPATH\CodeIgniter.php(366): CodeIgniter\CodeIgniter->handleRequest(null, Object(Config\Cache), false)
11 FCPATH\index.php(67): CodeIgniter\CodeIgniter->run()
12 SYSTEMPATH\Commands\Server\rewrite.php(47): require_once('C:\\PERSONAL\\WORK\\MultiSoft\\DMS_HIGH_COURT\\public\\index.php')
CRITICAL - 2023-07-05 05:48:23 --> Attempt to read property "dept_id" on null
in APPPATH\Controllers\Home.php on line 72.
 1 APPPATH\Controllers\Home.php(72): CodeIgniter\Debug\Exceptions->errorHandler(2, 'Attempt to read property "dept_id" on null', 'C:\\PERSONAL\\WORK\\MultiSoft\\DMS_HIGH_COURT\\app\\Controllers\\Home.php', 72)
 2 SYSTEMPATH\CodeIgniter.php(932): App\Controllers\Home->AddEmploye()
 3 SYSTEMPATH\CodeIgniter.php(497): CodeIgniter\CodeIgniter->runController(Object(App\Controllers\Home))
 4 SYSTEMPATH\CodeIgniter.php(366): CodeIgniter\CodeIgniter->handleRequest(null, Object(Config\Cache), false)
 5 FCPATH\index.php(67): CodeIgniter\CodeIgniter->run()
 6 SYSTEMPATH\Commands\Server\rewrite.php(47): require_once('C:\\PERSONAL\\WORK\\MultiSoft\\DMS_HIGH_COURT\\public\\index.php')
CRITICAL - 2023-07-05 05:48:25 --> Undefined array key "User"
in APPPATH\Views\UI\Layout\navbar-top.php on line 141.
 1 APPPATH\Views\UI\Layout\navbar-top.php(141): CodeIgniter\Debug\Exceptions->errorHandler(2, 'Undefined array key "User"', 'C:\\PERSONAL\\WORK\\MultiSoft\\DMS_HIGH_COURT\\app\\Views\\UI\\Layout\\navbar-top.php', 141)
 2 APPPATH\Views\UI\Layout\header.php(80): include('C:\\PERSONAL\\WORK\\MultiSoft\\DMS_HIGH_COURT\\app\\Views\\UI\\Layout\\navbar-top.php')
 3 APPPATH\Views\UI\bundle_master.php(2): include_once('C:\\PERSONAL\\WORK\\MultiSoft\\DMS_HIGH_COURT\\app\\Views\\UI\\Layout\\header.php')
 4 SYSTEMPATH\View\View.php(224): include('C:\\PERSONAL\\WORK\\MultiSoft\\DMS_HIGH_COURT\\app\\Views\\UI\\bundle_master.php')
 5 SYSTEMPATH\View\View.php(227): CodeIgniter\View\View->CodeIgniter\View\{closure}()
 6 SYSTEMPATH\Common.php(1180): CodeIgniter\View\View->render('UI/bundle_master', [], true)
 7 APPPATH\Controllers\Home.php(157): view('UI/bundle_master', [])
 8 SYSTEMPATH\CodeIgniter.php(932): App\Controllers\Home->BundleMaster()
 9 SYSTEMPATH\CodeIgniter.php(497): CodeIgniter\CodeIgniter->runController(Object(App\Controllers\Home))
10 SYSTEMPATH\CodeIgniter.php(366): CodeIgniter\CodeIgniter->handleRequest(null, Object(Config\Cache), false)
11 FCPATH\index.php(67): CodeIgniter\CodeIgniter->run()
12 SYSTEMPATH\Commands\Server\rewrite.php(47): require_once('C:\\PERSONAL\\WORK\\MultiSoft\\DMS_HIGH_COURT\\public\\index.php')
ERROR - 2023-07-05 06:10:16 --> mysqli_sql_exception: You have an error in your SQL syntax; check the manual that corresponds to your MariaDB server version for the right syntax to use near ''DESC'' at line 1 in C:\PERSONAL\WORK\MultiSoft\DMS_HIGH_COURT\system\Database\MySQLi\Connection.php:295
Stack trace:
#0 C:\PERSONAL\WORK\MultiSoft\DMS_HIGH_COURT\system\Database\MySQLi\Connection.php(295): mysqli->query('SELECT * FROM `...', 0)
#1 C:\PERSONAL\WORK\MultiSoft\DMS_HIGH_COURT\system\Database\BaseConnection.php(692): CodeIgniter\Database\MySQLi\Connection->execute('SELECT * FROM `...')
#2 C:\PERSONAL\WORK\MultiSoft\DMS_HIGH_COURT\system\Database\BaseConnection.php(606): CodeIgniter\Database\BaseConnection->simpleQuery('SELECT * FROM `...')
#3 C:\PERSONAL\WORK\MultiSoft\DMS_HIGH_COURT\app\Models\Data_model\Data_model.php(9): CodeIgniter\Database\BaseConnection->query('SELECT * FROM `...')
#4 C:\PERSONAL\WORK\MultiSoft\DMS_HIGH_COURT\app\Models\Data_model\Data_model.php(47): App\Models\Data_model\Data_model->getQuery('SELECT * FROM `...')
#5 C:\PERSONAL\WORK\MultiSoft\DMS_HIGH_COURT\app\Controllers\Home.php(167): App\Models\Data_model\Data_model->getBundle('', 'DESC')
#6 C:\PERSONAL\WORK\MultiSoft\DMS_HIGH_COURT\system\CodeIgniter.php(932): App\Controllers\Home->BundleMaster()
#7 C:\PERSONAL\WORK\MultiSoft\DMS_HIGH_COURT\system\CodeIgniter.php(497): CodeIgniter\CodeIgniter->runController(Object(App\Controllers\Home))
#8 C:\PERSONAL\WORK\MultiSoft\DMS_HIGH_COURT\system\CodeIgniter.php(366): CodeIgniter\CodeIgniter->handleRequest(NULL, Object(Config\Cache), false)
#9 C:\PERSONAL\WORK\MultiSoft\DMS_HIGH_COURT\public\index.php(67): CodeIgniter\CodeIgniter->run()
#10 C:\PERSONAL\WORK\MultiSoft\DMS_HIGH_COURT\system\Commands\Server\rewrite.php(47): require_once('C:\\PERSONAL\\WOR...')
#11 {main}
CRITICAL - 2023-07-05 06:10:16 --> You have an error in your SQL syntax; check the manual that corresponds to your MariaDB server version for the right syntax to use near ''DESC'' at line 1
in SYSTEMPATH\Database\MySQLi\Connection.php on line 295.
 1 SYSTEMPATH\Database\MySQLi\Connection.php(295): mysqli->query('SELECT * FROM `bundle` ORDER BY `bundle`.`bundle_id` \'DESC\';', 0)
 2 SYSTEMPATH\Database\BaseConnection.php(692): CodeIgniter\Database\MySQLi\Connection->execute('SELECT * FROM `bundle` ORDER BY `bundle`.`bundle_id` \'DESC\';')
 3 SYSTEMPATH\Database\BaseConnection.php(606): CodeIgniter\Database\BaseConnection->simpleQuery('SELECT * FROM `bundle` ORDER BY `bundle`.`bundle_id` \'DESC\';')
 4 APPPATH\Models\Data_model\Data_model.php(9): CodeIgniter\Database\BaseConnection->query('SELECT * FROM `bundle` ORDER BY `bundle`.`bundle_id` \'DESC\';')
 5 APPPATH\Models\Data_model\Data_model.php(47): App\Models\Data_model\Data_model->getQuery('SELECT * FROM `bundle` ORDER BY `bundle`.`bundle_id` \'DESC\';')
 6 APPPATH\Controllers\Home.php(167): App\Models\Data_model\Data_model->getBundle('', 'DESC')
 7 SYSTEMPATH\CodeIgniter.php(932): App\Controllers\Home->BundleMaster()
 8 SYSTEMPATH\CodeIgniter.php(497): CodeIgniter\CodeIgniter->runController(Object(App\Controllers\Home))
 9 SYSTEMPATH\CodeIgniter.php(366): CodeIgniter\CodeIgniter->handleRequest(null, Object(Config\Cache), false)
10 FCPATH\index.php(67): CodeIgniter\CodeIgniter->run()
11 SYSTEMPATH\Commands\Server\rewrite.php(47): require_once('C:\\PERSONAL\\WORK\\MultiSoft\\DMS_HIGH_COURT\\public\\index.php')
CRITICAL - 2023-07-05 06:10:50 --> Undefined array key "Session_Bundle_no"
in APPPATH\Views\UI\bundle_master.php on line 18.
 1 APPPATH\Views\UI\bundle_master.php(18): CodeIgniter\Debug\Exceptions->errorHandler(2, 'Undefined array key "Session_Bundle_no"', 'C:\\PERSONAL\\WORK\\MultiSoft\\DMS_HIGH_COURT\\app\\Views\\UI\\bundle_master.php', 18)
 2 SYSTEMPATH\View\View.php(224): include('C:\\PERSONAL\\WORK\\MultiSoft\\DMS_HIGH_COURT\\app\\Views\\UI\\bundle_master.php')
 3 SYSTEMPATH\View\View.php(227): CodeIgniter\View\View->CodeIgniter\View\{closure}()
 4 SYSTEMPATH\Common.php(1180): CodeIgniter\View\View->render('UI/bundle_master', [], true)
 5 APPPATH\Controllers\Home.php(177): view('UI/bundle_master', [])
 6 SYSTEMPATH\CodeIgniter.php(932): App\Controllers\Home->BundleMaster()
 7 SYSTEMPATH\CodeIgniter.php(497): CodeIgniter\CodeIgniter->runController(Object(App\Controllers\Home))
 8 SYSTEMPATH\CodeIgniter.php(366): CodeIgniter\CodeIgniter->handleRequest(null, Object(Config\Cache), false)
 9 FCPATH\index.php(67): CodeIgniter\CodeIgniter->run()
10 SYSTEMPATH\Commands\Server\rewrite.php(47): require_once('C:\\PERSONAL\\WORK\\MultiSoft\\DMS_HIGH_COURT\\public\\index.php')
CRITICAL - 2023-07-05 06:11:52 --> Undefined array key "Session_Bundle_no"
in APPPATH\Views\UI\bundle_master.php on line 18.
 1 APPPATH\Views\UI\bundle_master.php(18): CodeIgniter\Debug\Exceptions->errorHandler(2, 'Undefined array key "Session_Bundle_no"', 'C:\\PERSONAL\\WORK\\MultiSoft\\DMS_HIGH_COURT\\app\\Views\\UI\\bundle_master.php', 18)
 2 SYSTEMPATH\View\View.php(224): include('C:\\PERSONAL\\WORK\\MultiSoft\\DMS_HIGH_COURT\\app\\Views\\UI\\bundle_master.php')
 3 SYSTEMPATH\View\View.php(227): CodeIgniter\View\View->CodeIgniter\View\{closure}()
 4 SYSTEMPATH\Common.php(1180): CodeIgniter\View\View->render('UI/bundle_master', [], true)
 5 APPPATH\Controllers\Home.php(177): view('UI/bundle_master', [])
 6 SYSTEMPATH\CodeIgniter.php(932): App\Controllers\Home->BundleMaster()
 7 SYSTEMPATH\CodeIgniter.php(497): CodeIgniter\CodeIgniter->runController(Object(App\Controllers\Home))
 8 SYSTEMPATH\CodeIgniter.php(366): CodeIgniter\CodeIgniter->handleRequest(null, Object(Config\Cache), false)
 9 FCPATH\index.php(67): CodeIgniter\CodeIgniter->run()
10 SYSTEMPATH\Commands\Server\rewrite.php(47): require_once('C:\\PERSONAL\\WORK\\MultiSoft\\DMS_HIGH_COURT\\public\\index.php')
CRITICAL - 2023-07-05 06:25:28 --> Undefined variable $bundle_no
in APPPATH\Models\Data_model\Data_model.php on line 60.
 1 APPPATH\Models\Data_model\Data_model.php(60): CodeIgniter\Debug\Exceptions->errorHandler(2, 'Undefined variable $bundle_no', 'C:\\PERSONAL\\WORK\\MultiSoft\\DMS_HIGH_COURT\\app\\Models\\Data_model\\Data_model.php', 60)
 2 APPPATH\Controllers\Home.php(175): App\Models\Data_model\Data_model->getCases('', 'DESC')
 3 SYSTEMPATH\CodeIgniter.php(932): App\Controllers\Home->BundleMaster()
 4 SYSTEMPATH\CodeIgniter.php(497): CodeIgniter\CodeIgniter->runController(Object(App\Controllers\Home))
 5 SYSTEMPATH\CodeIgniter.php(366): CodeIgniter\CodeIgniter->handleRequest(null, Object(Config\Cache), false)
 6 FCPATH\index.php(67): CodeIgniter\CodeIgniter->run()
 7 SYSTEMPATH\Commands\Server\rewrite.php(47): require_once('C:\\PERSONAL\\WORK\\MultiSoft\\DMS_HIGH_COURT\\public\\index.php')
ERROR - 2023-07-05 06:25:45 --> mysqli_sql_exception: Unknown column 'case_bucket.case_id ' in 'order clause' in C:\PERSONAL\WORK\MultiSoft\DMS_HIGH_COURT\system\Database\MySQLi\Connection.php:295
Stack trace:
#0 C:\PERSONAL\WORK\MultiSoft\DMS_HIGH_COURT\system\Database\MySQLi\Connection.php(295): mysqli->query('SELECT * FROM `...', 0)
#1 C:\PERSONAL\WORK\MultiSoft\DMS_HIGH_COURT\system\Database\BaseConnection.php(692): CodeIgniter\Database\MySQLi\Connection->execute('SELECT * FROM `...')
#2 C:\PERSONAL\WORK\MultiSoft\DMS_HIGH_COURT\system\Database\BaseConnection.php(606): CodeIgniter\Database\BaseConnection->simpleQuery('SELECT * FROM `...')
#3 C:\PERSONAL\WORK\MultiSoft\DMS_HIGH_COURT\app\Models\Data_model\Data_model.php(9): CodeIgniter\Database\BaseConnection->query('SELECT * FROM `...')
#4 C:\PERSONAL\WORK\MultiSoft\DMS_HIGH_COURT\app\Models\Data_model\Data_model.php(63): App\Models\Data_model\Data_model->getQuery('SELECT * FROM `...')
#5 C:\PERSONAL\WORK\MultiSoft\DMS_HIGH_COURT\app\Controllers\Home.php(175): App\Models\Data_model\Data_model->getCases('', 'DESC')
#6 C:\PERSONAL\WORK\MultiSoft\DMS_HIGH_COURT\system\CodeIgniter.php(932): App\Controllers\Home->BundleMaster()
#7 C:\PERSONAL\WORK\MultiSoft\DMS_HIGH_COURT\system\CodeIgniter.php(497): CodeIgniter\CodeIgniter->runController(Object(App\Controllers\Home))
#8 C:\PERSONAL\WORK\MultiSoft\DMS_HIGH_COURT\system\CodeIgniter.php(366): CodeIgniter\CodeIgniter->handleRequest(NULL, Object(Config\Cache), false)
#9 C:\PERSONAL\WORK\MultiSoft\DMS_HIGH_COURT\public\index.php(67): CodeIgniter\CodeIgniter->run()
#10 C:\PERSONAL\WORK\MultiSoft\DMS_HIGH_COURT\system\Commands\Server\rewrite.php(47): require_once('C:\\PERSONAL\\WOR...')
#11 {main}
CRITICAL - 2023-07-05 06:25:45 --> Unknown column 'case_bucket.case_id ' in 'order clause'
in SYSTEMPATH\Database\MySQLi\Connection.php on line 295.
 1 SYSTEMPATH\Database\MySQLi\Connection.php(295): mysqli->query('SELECT * FROM `case_bucket` ORDER BY `case_bucket`.`case_id ` DESC;', 0)
 2 SYSTEMPATH\Database\BaseConnection.php(692): CodeIgniter\Database\MySQLi\Connection->execute('SELECT * FROM `case_bucket` ORDER BY `case_bucket`.`case_id ` DESC;')
 3 SYSTEMPATH\Database\BaseConnection.php(606): CodeIgniter\Database\BaseConnection->simpleQuery('SELECT * FROM `case_bucket` ORDER BY `case_bucket`.`case_id ` DESC;')
 4 APPPATH\Models\Data_model\Data_model.php(9): CodeIgniter\Database\BaseConnection->query('SELECT * FROM `case_bucket` ORDER BY `case_bucket`.`case_id ` DESC;')
 5 APPPATH\Models\Data_model\Data_model.php(63): App\Models\Data_model\Data_model->getQuery('SELECT * FROM `case_bucket` ORDER BY `case_bucket`.`case_id ` DESC;')
 6 APPPATH\Controllers\Home.php(175): App\Models\Data_model\Data_model->getCases('', 'DESC')
 7 SYSTEMPATH\CodeIgniter.php(932): App\Controllers\Home->BundleMaster()
 8 SYSTEMPATH\CodeIgniter.php(497): CodeIgniter\CodeIgniter->runController(Object(App\Controllers\Home))
 9 SYSTEMPATH\CodeIgniter.php(366): CodeIgniter\CodeIgniter->handleRequest(null, Object(Config\Cache), false)
10 FCPATH\index.php(67): CodeIgniter\CodeIgniter->run()
11 SYSTEMPATH\Commands\Server\rewrite.php(47): require_once('C:\\PERSONAL\\WORK\\MultiSoft\\DMS_HIGH_COURT\\public\\index.php')
ERROR - 2023-07-05 06:26:29 --> mysqli_sql_exception: Unknown column 'case_id ' in 'order clause' in C:\PERSONAL\WORK\MultiSoft\DMS_HIGH_COURT\system\Database\MySQLi\Connection.php:295
Stack trace:
#0 C:\PERSONAL\WORK\MultiSoft\DMS_HIGH_COURT\system\Database\MySQLi\Connection.php(295): mysqli->query('SELECT * FROM `...', 0)
#1 C:\PERSONAL\WORK\MultiSoft\DMS_HIGH_COURT\system\Database\BaseConnection.php(692): CodeIgniter\Database\MySQLi\Connection->execute('SELECT * FROM `...')
#2 C:\PERSONAL\WORK\MultiSoft\DMS_HIGH_COURT\system\Database\BaseConnection.php(606): CodeIgniter\Database\BaseConnection->simpleQuery('SELECT * FROM `...')
#3 C:\PERSONAL\WORK\MultiSoft\DMS_HIGH_COURT\app\Models\Data_model\Data_model.php(9): CodeIgniter\Database\BaseConnection->query('SELECT * FROM `...')
#4 C:\PERSONAL\WORK\MultiSoft\DMS_HIGH_COURT\app\Models\Data_model\Data_model.php(63): App\Models\Data_model\Data_model->getQuery('SELECT * FROM `...')
#5 C:\PERSONAL\WORK\MultiSoft\DMS_HIGH_COURT\app\Controllers\Home.php(175): App\Models\Data_model\Data_model->getCases('', 'DESC')
#6 C:\PERSONAL\WORK\MultiSoft\DMS_HIGH_COURT\system\CodeIgniter.php(932): App\Controllers\Home->BundleMaster()
#7 C:\PERSONAL\WORK\MultiSoft\DMS_HIGH_COURT\system\CodeIgniter.php(497): CodeIgniter\CodeIgniter->runController(Object(App\Controllers\Home))
#8 C:\PERSONAL\WORK\MultiSoft\DMS_HIGH_COURT\system\CodeIgniter.php(366): CodeIgniter\CodeIgniter->handleRequest(NULL, Object(Config\Cache), false)
#9 C:\PERSONAL\WORK\MultiSoft\DMS_HIGH_COURT\public\index.php(67): CodeIgniter\CodeIgniter->run()
#10 C:\PERSONAL\WORK\MultiSoft\DMS_HIGH_COURT\system\Commands\Server\rewrite.php(47): require_once('C:\\PERSONAL\\WOR...')
#11 {main}
CRITICAL - 2023-07-05 06:26:29 --> Unknown column 'case_id ' in 'order clause'
in SYSTEMPATH\Database\MySQLi\Connection.php on line 295.
 1 SYSTEMPATH\Database\MySQLi\Connection.php(295): mysqli->query('SELECT * FROM `case_bucket` ORDER BY `case_id ` DESC;', 0)
 2 SYSTEMPATH\Database\BaseConnection.php(692): CodeIgniter\Database\MySQLi\Connection->execute('SELECT * FROM `case_bucket` ORDER BY `case_id ` DESC;')
 3 SYSTEMPATH\Database\BaseConnection.php(606): CodeIgniter\Database\BaseConnection->simpleQuery('SELECT * FROM `case_bucket` ORDER BY `case_id ` DESC;')
 4 APPPATH\Models\Data_model\Data_model.php(9): CodeIgniter\Database\BaseConnection->query('SELECT * FROM `case_bucket` ORDER BY `case_id ` DESC;')
 5 APPPATH\Models\Data_model\Data_model.php(63): App\Models\Data_model\Data_model->getQuery('SELECT * FROM `case_bucket` ORDER BY `case_id ` DESC;')
 6 APPPATH\Controllers\Home.php(175): App\Models\Data_model\Data_model->getCases('', 'DESC')
 7 SYSTEMPATH\CodeIgniter.php(932): App\Controllers\Home->BundleMaster()
 8 SYSTEMPATH\CodeIgniter.php(497): CodeIgniter\CodeIgniter->runController(Object(App\Controllers\Home))
 9 SYSTEMPATH\CodeIgniter.php(366): CodeIgniter\CodeIgniter->handleRequest(null, Object(Config\Cache), false)
10 FCPATH\index.php(67): CodeIgniter\CodeIgniter->run()
11 SYSTEMPATH\Commands\Server\rewrite.php(47): require_once('C:\\PERSONAL\\WORK\\MultiSoft\\DMS_HIGH_COURT\\public\\index.php')
CRITICAL - 2023-07-05 07:14:53 --> Too few arguments to function App\Models\Data_model\Data_model::setTempCases(), 0 passed in C:\PERSONAL\WORK\MultiSoft\DMS_HIGH_COURT\app\Controllers\Home.php on line 214 and exactly 1 expected
in APPPATH\Models\Data_model\Data_model.php on line 49.
 1 APPPATH\Controllers\Home.php(214): App\Models\Data_model\Data_model->setTempCases()
 2 SYSTEMPATH\CodeIgniter.php(932): App\Controllers\Home->BundleMasterTempPost()
 3 SYSTEMPATH\CodeIgniter.php(497): CodeIgniter\CodeIgniter->runController(Object(App\Controllers\Home))
 4 SYSTEMPATH\CodeIgniter.php(366): CodeIgniter\CodeIgniter->handleRequest(null, Object(Config\Cache), false)
 5 FCPATH\index.php(67): CodeIgniter\CodeIgniter->run()
 6 SYSTEMPATH\Commands\Server\rewrite.php(47): require_once('C:\\PERSONAL\\WORK\\MultiSoft\\DMS_HIGH_COURT\\public\\index.php')
CRITICAL - 2023-07-05 07:38:41 --> Call to a member function getResult() on bool
in APPPATH\Models\Data_model\Data_model.php on line 9.
 1 APPPATH\Models\Data_model\Data_model.php(56): App\Models\Data_model\Data_model->getQuery('TRUNCATE `bundle`;')
 2 APPPATH\Controllers\Home.php(171): App\Models\Data_model\Data_model->trucateTempCases()
 3 SYSTEMPATH\CodeIgniter.php(932): App\Controllers\Home->BundleMaster()
 4 SYSTEMPATH\CodeIgniter.php(497): CodeIgniter\CodeIgniter->runController(Object(App\Controllers\Home))
 5 SYSTEMPATH\CodeIgniter.php(366): CodeIgniter\CodeIgniter->handleRequest(null, Object(Config\Cache), false)
 6 FCPATH\index.php(67): CodeIgniter\CodeIgniter->run()
 7 SYSTEMPATH\Commands\Server\rewrite.php(47): require_once('C:\\PERSONAL\\WORK\\MultiSoft\\DMS_HIGH_COURT\\public\\index.php')
CRITICAL - 2023-07-05 07:53:41 --> Call to a member function getResult() on bool
in APPPATH\Models\Data_model\Data_model.php on line 9.
 1 APPPATH\Models\Data_model\Data_model.php(70): App\Models\Data_model\Data_model->getQuery('DELETE FROM `temp_case_bucket` WHERE `temp_case_bucket`.`case_id`=\'\' ')
 2 APPPATH\Controllers\Home.php(230): App\Models\Data_model\Data_model->deleteTempcases(null)
 3 SYSTEMPATH\CodeIgniter.php(932): App\Controllers\Home->TempCaseDelete('2')
 4 SYSTEMPATH\CodeIgniter.php(497): CodeIgniter\CodeIgniter->runController(Object(App\Controllers\Home))
 5 SYSTEMPATH\CodeIgniter.php(366): CodeIgniter\CodeIgniter->handleRequest(null, Object(Config\Cache), false)
 6 FCPATH\index.php(67): CodeIgniter\CodeIgniter->run()
 7 SYSTEMPATH\Commands\Server\rewrite.php(47): require_once('C:\\PERSONAL\\WORK\\MultiSoft\\DMS_HIGH_COURT\\public\\index.php')
CRITICAL - 2023-07-05 08:01:42 --> Call to a member function getResult() on bool
in APPPATH\Models\Data_model\Data_model.php on line 9.
 1 APPPATH\Models\Data_model\Data_model.php(70): App\Models\Data_model\Data_model->getQuery('DELETE FROM `temp_case_bucket` WHERE `temp_case_bucket`.`case_id`=\'2\' ')
 2 APPPATH\Controllers\Home.php(168): App\Models\Data_model\Data_model->deleteTempcases('2')
 3 SYSTEMPATH\CodeIgniter.php(932): App\Controllers\Home->BundleMaster()
 4 SYSTEMPATH\CodeIgniter.php(497): CodeIgniter\CodeIgniter->runController(Object(App\Controllers\Home))
 5 SYSTEMPATH\CodeIgniter.php(366): CodeIgniter\CodeIgniter->handleRequest(null, Object(Config\Cache), false)
 6 FCPATH\index.php(67): CodeIgniter\CodeIgniter->run()
 7 SYSTEMPATH\Commands\Server\rewrite.php(47): require_once('C:\\PERSONAL\\WORK\\MultiSoft\\DMS_HIGH_COURT\\public\\index.php')
CRITICAL - 2023-07-05 10:21:00 --> Undefined property: stdClass::$fname
in APPPATH\Views\UI\assign_cases.php on line 37.
 1 APPPATH\Views\UI\assign_cases.php(37): CodeIgniter\Debug\Exceptions->errorHandler(2, 'Undefined property: stdClass::$fname', 'C:\\PERSONAL\\WORK\\MultiSoft\\DMS_HIGH_COURT\\app\\Views\\UI\\assign_cases.php', 37)
 2 SYSTEMPATH\View\View.php(224): include('C:\\PERSONAL\\WORK\\MultiSoft\\DMS_HIGH_COURT\\app\\Views\\UI\\assign_cases.php')
 3 SYSTEMPATH\View\View.php(227): CodeIgniter\View\View->CodeIgniter\View\{closure}()
 4 SYSTEMPATH\Common.php(1180): CodeIgniter\View\View->render('UI/assign_cases', [], true)
 5 APPPATH\Controllers\Home.php(305): view('UI/assign_cases', [...])
 6 SYSTEMPATH\CodeIgniter.php(932): App\Controllers\Home->AssignCases()
 7 SYSTEMPATH\CodeIgniter.php(497): CodeIgniter\CodeIgniter->runController(Object(App\Controllers\Home))
 8 SYSTEMPATH\CodeIgniter.php(366): CodeIgniter\CodeIgniter->handleRequest(null, Object(Config\Cache), false)
 9 FCPATH\index.php(67): CodeIgniter\CodeIgniter->run()
10 SYSTEMPATH\Commands\Server\rewrite.php(47): require_once('C:\\PERSONAL\\WORK\\MultiSoft\\DMS_HIGH_COURT\\public\\index.php')
CRITICAL - 2023-07-05 10:54:50 --> Undefined array key "caseTypes"
in APPPATH\Views\UI\bundle_master.php on line 25.
 1 APPPATH\Views\UI\bundle_master.php(25): CodeIgniter\Debug\Exceptions->errorHandler(2, 'Undefined array key "caseTypes"', 'C:\\PERSONAL\\WORK\\MultiSoft\\DMS_HIGH_COURT\\app\\Views\\UI\\bundle_master.php', 25)
 2 SYSTEMPATH\View\View.php(224): include('C:\\PERSONAL\\WORK\\MultiSoft\\DMS_HIGH_COURT\\app\\Views\\UI\\bundle_master.php')
 3 SYSTEMPATH\View\View.php(227): CodeIgniter\View\View->CodeIgniter\View\{closure}()
 4 SYSTEMPATH\Common.php(1180): CodeIgniter\View\View->render('UI/bundle_master', [], true)
 5 APPPATH\Controllers\Home.php(203): view('UI/bundle_master', [...])
 6 SYSTEMPATH\CodeIgniter.php(932): App\Controllers\Home->BundleMaster()
 7 SYSTEMPATH\CodeIgniter.php(497): CodeIgniter\CodeIgniter->runController(Object(App\Controllers\Home))
 8 SYSTEMPATH\CodeIgniter.php(366): CodeIgniter\CodeIgniter->handleRequest(null, Object(Config\Cache), false)
 9 FCPATH\index.php(67): CodeIgniter\CodeIgniter->run()
10 SYSTEMPATH\Commands\Server\rewrite.php(47): require_once('C:\\PERSONAL\\WORK\\MultiSoft\\DMS_HIGH_COURT\\public\\index.php')
CRITICAL - 2023-07-05 10:57:22 --> Undefined array key "caseTypes"
in APPPATH\Views\UI\bundle_master.php on line 25.
 1 APPPATH\Views\UI\bundle_master.php(25): CodeIgniter\Debug\Exceptions->errorHandler(2, 'Undefined array key "caseTypes"', 'C:\\PERSONAL\\WORK\\MultiSoft\\DMS_HIGH_COURT\\app\\Views\\UI\\bundle_master.php', 25)
 2 SYSTEMPATH\View\View.php(224): include('C:\\PERSONAL\\WORK\\MultiSoft\\DMS_HIGH_COURT\\app\\Views\\UI\\bundle_master.php')
 3 SYSTEMPATH\View\View.php(227): CodeIgniter\View\View->CodeIgniter\View\{closure}()
 4 SYSTEMPATH\Common.php(1180): CodeIgniter\View\View->render('UI/bundle_master', [], true)
 5 APPPATH\Controllers\Home.php(204): view('UI/bundle_master', [...])
 6 SYSTEMPATH\CodeIgniter.php(932): App\Controllers\Home->BundleMaster()
 7 SYSTEMPATH\CodeIgniter.php(497): CodeIgniter\CodeIgniter->runController(Object(App\Controllers\Home))
 8 SYSTEMPATH\CodeIgniter.php(366): CodeIgniter\CodeIgniter->handleRequest(null, Object(Config\Cache), false)
 9 FCPATH\index.php(67): CodeIgniter\CodeIgniter->run()
10 SYSTEMPATH\Commands\Server\rewrite.php(47): require_once('C:\\PERSONAL\\WORK\\MultiSoft\\DMS_HIGH_COURT\\public\\index.php')
